{"obj": {"type": "AssignString", "path": ["sys", "description"], "value": ""}, "version": 1, "at": 1742471871.904588}
{"obj": {"type": "AssignString", "path": ["monitoring", "b0d7db42", "hostname"], "value": "S20212077"}, "version": 2, "at": 1742471871.9047825}
{"obj": {"type": "AssignString", "path": ["sys", "hostname"], "value": "S20212077"}, "version": 3, "at": 1742471871.9048908}
{"obj": {"type": "AssignString", "path": ["monitoring", "b0d7db42", "pid"], "value": "13896"}, "version": 4, "at": 1742471871.9049628}
{"obj": {"type": "AssignString", "path": ["monitoring", "b0d7db42", "tid"], "value": "6712"}, "version": 5, "at": 1742471871.9050279}
{"obj": {"type": "AssignBool", "path": ["sys", "failed"], "value": false}, "version": 6, "at": 1742471871.905091}
{"obj": {"type": "AssignFloat", "path": ["parameters", "lr"], "value": 0.0001}, "version": 7, "at": 1742471871.9766028}
{"obj": {"type": "AssignInt", "path": ["parameters", "bs"], "value": 32}, "version": 8, "at": 1742471871.9769561}
{"obj": {"type": "AssignInt", "path": ["parameters", "epochs"], "value": 200}, "version": 9, "at": 1742471871.978431}
{"obj": {"type": "AssignInt", "path": ["parameters", "input_sz"], "value": 4096}, "version": 10, "at": 1742471871.978519}
{"obj": {"type": "LogFloats", "path": ["train", "loss"], "values": [{"value": 8.93870560824871, "step": null, "ts": 1742471879.6737897}]}, "version": 11, "at": 1742471879.673841}
{"obj": {"type": "LogFloats", "path": ["valid", "loss"], "values": [{"value": 8.93870560824871, "step": null, "ts": 1742471879.6741521}]}, "version": 12, "at": 1742471879.6741793}
{"obj": {"type": "LogFloats", "path": ["train", "loss"], "values": [{"value": 2.6551792807877064, "step": null, "ts": 1742471886.9156551}]}, "version": 13, "at": 1742471886.9156811}
{"obj": {"type": "LogFloats", "path": ["valid", "loss"], "values": [{"value": 2.6551792807877064, "step": null, "ts": 1742471886.9158204}]}, "version": 14, "at": 1742471886.9158425}
{"obj": {"type": "LogFloats", "path": ["train", "loss"], "values": [{"value": 2.296232208609581, "step": null, "ts": 1742471894.129874}]}, "version": 15, "at": 1742471894.1299064}
{"obj": {"type": "LogFloats", "path": ["valid", "loss"], "values": [{"value": 2.296232208609581, "step": null, "ts": 1742471894.1301458}]}, "version": 16, "at": 1742471894.1301637}
{"obj": {"type": "LogFloats", "path": ["train", "loss"], "values": [{"value": 2.206832639873028, "step": null, "ts": 1742471901.206434}]}, "version": 17, "at": 1742471901.206461}
{"obj": {"type": "LogFloats", "path": ["valid", "loss"], "values": [{"value": 2.206832639873028, "step": null, "ts": 1742471901.206692}]}, "version": 18, "at": 1742471901.2067285}
{"obj": {"type": "LogFloats", "path": ["train", "loss"], "values": [{"value": 2.1502470709383488, "step": null, "ts": 1742471908.5089817}]}, "version": 19, "at": 1742471908.5090137}
{"obj": {"type": "LogFloats", "path": ["valid", "loss"], "values": [{"value": 2.1502470709383488, "step": null, "ts": 1742471908.509225}]}, "version": 20, "at": 1742471908.5092452}
{"obj": {"type": "LogFloats", "path": ["train", "loss"], "values": [{"value": 2.125331249088049, "step": null, "ts": 1742471915.7307694}]}, "version": 21, "at": 1742471915.730795}
{"obj": {"type": "LogFloats", "path": ["valid", "loss"], "values": [{"value": 2.125331249088049, "step": null, "ts": 1742471915.7310371}]}, "version": 22, "at": 1742471915.7310555}
{"obj": {"type": "LogFloats", "path": ["train", "loss"], "values": [{"value": 2.1189436689019203, "step": null, "ts": 1742471923.075928}]}, "version": 23, "at": 1742471923.0759623}
{"obj": {"type": "LogFloats", "path": ["valid", "loss"], "values": [{"value": 2.1189436689019203, "step": null, "ts": 1742471923.0761042}]}, "version": 24, "at": 1742471923.0761235}
{"obj": {"type": "LogFloats", "path": ["train", "loss"], "values": [{"value": 2.1180207282304764, "step": null, "ts": 1742471930.3428268}]}, "version": 25, "at": 1742471930.3428555}
{"obj": {"type": "LogFloats", "path": ["valid", "loss"], "values": [{"value": 2.1180207282304764, "step": null, "ts": 1742471930.3429716}]}, "version": 26, "at": 1742471930.3429906}
{"obj": {"type": "LogFloats", "path": ["train", "loss"], "values": [{"value": 2.08263985440135, "step": null, "ts": 1742471938.1947758}]}, "version": 27, "at": 1742471938.1948032}
{"obj": {"type": "LogFloats", "path": ["valid", "loss"], "values": [{"value": 2.08263985440135, "step": null, "ts": 1742471938.1951163}]}, "version": 28, "at": 1742471938.1951458}
{"obj": {"type": "LogFloats", "path": ["train", "loss"], "values": [{"value": 2.0815151296555996, "step": null, "ts": 1742471946.0179183}]}, "version": 29, "at": 1742471946.017946}
{"obj": {"type": "LogFloats", "path": ["valid", "loss"], "values": [{"value": 2.0815151296555996, "step": null, "ts": 1742471946.0182376}]}, "version": 30, "at": 1742471946.01826}
