{"obj": {"type": "AssignString", "path": ["sys", "description"], "value": ""}, "version": 1, "at": 1742470591.6292071}
{"obj": {"type": "AssignString", "path": ["monitoring", "217bfe9b", "hostname"], "value": "S20212077"}, "version": 2, "at": 1742470591.6293905}
{"obj": {"type": "AssignString", "path": ["sys", "hostname"], "value": "S20212077"}, "version": 3, "at": 1742470591.6294868}
{"obj": {"type": "AssignString", "path": ["monitoring", "217bfe9b", "pid"], "value": "2508"}, "version": 4, "at": 1742470591.6295555}
{"obj": {"type": "AssignString", "path": ["monitoring", "217bfe9b", "tid"], "value": "10244"}, "version": 5, "at": 1742470591.629616}
{"obj": {"type": "AssignBool", "path": ["sys", "failed"], "value": false}, "version": 6, "at": 1742470591.6296654}
{"obj": {"type": "AssignFloat", "path": ["parameters", "lr"], "value": 0.0001}, "version": 7, "at": 1742470591.7021422}
{"obj": {"type": "AssignInt", "path": ["parameters", "bs"], "value": 32}, "version": 8, "at": 1742470591.7035549}
{"obj": {"type": "AssignInt", "path": ["parameters", "epochs"], "value": 200}, "version": 9, "at": 1742470591.7037284}
{"obj": {"type": "AssignInt", "path": ["parameters", "input_sz"], "value": 4096}, "version": 10, "at": 1742470591.7038236}
{"obj": {"type": "LogFloats", "path": ["train", "loss"], "values": [{"value": 10.135941572487354, "step": null, "ts": 1742470599.6641562}]}, "version": 11, "at": 1742470599.664186}
{"obj": {"type": "LogFloats", "path": ["valid", "loss"], "values": [{"value": 10.135941572487354, "step": null, "ts": 1742470599.6643062}]}, "version": 12, "at": 1742470599.664322}
{"obj": {"type": "LogFloats", "path": ["train", "loss"], "values": [{"value": 2.8402181044220924, "step": null, "ts": 1742470607.404943}]}, "version": 13, "at": 1742470607.404987}
{"obj": {"type": "LogFloats", "path": ["valid", "loss"], "values": [{"value": 2.8402181044220924, "step": null, "ts": 1742470607.4052544}]}, "version": 14, "at": 1742470607.405281}
{"obj": {"type": "LogFloats", "path": ["train", "loss"], "values": [{"value": 2.327746357768774, "step": null, "ts": 1742470615.1581104}]}, "version": 15, "at": 1742470615.158135}
{"obj": {"type": "LogFloats", "path": ["valid", "loss"], "values": [{"value": 2.327746357768774, "step": null, "ts": 1742470615.1583047}]}, "version": 16, "at": 1742470615.1583364}
{"obj": {"type": "LogFloats", "path": ["train", "loss"], "values": [{"value": 2.2222972065210342, "step": null, "ts": 1742470622.5848136}]}, "version": 17, "at": 1742470622.5848458}
{"obj": {"type": "LogFloats", "path": ["valid", "loss"], "values": [{"value": 2.2222972065210342, "step": null, "ts": 1742470622.5851269}]}, "version": 18, "at": 1742470622.5851457}
{"obj": {"type": "LogFloats", "path": ["train", "loss"], "values": [{"value": 2.167033776640892, "step": null, "ts": 1742470630.3459501}]}, "version": 19, "at": 1742470630.345983}
{"obj": {"type": "LogFloats", "path": ["valid", "loss"], "values": [{"value": 2.167033776640892, "step": null, "ts": 1742470630.3462243}]}, "version": 20, "at": 1742470630.346243}
{"obj": {"type": "LogFloats", "path": ["train", "loss"], "values": [{"value": 2.1231888495385647, "step": null, "ts": 1742470638.7216995}]}, "version": 21, "at": 1742470638.7217329}
{"obj": {"type": "LogFloats", "path": ["valid", "loss"], "values": [{"value": 2.1231888495385647, "step": null, "ts": 1742470638.7219896}]}, "version": 22, "at": 1742470638.7220147}
{"obj": {"type": "LogFloats", "path": ["train", "loss"], "values": [{"value": 2.11522651091218, "step": null, "ts": 1742470647.0781894}]}, "version": 23, "at": 1742470647.078216}
{"obj": {"type": "LogFloats", "path": ["valid", "loss"], "values": [{"value": 2.11522651091218, "step": null, "ts": 1742470647.0783942}]}, "version": 24, "at": 1742470647.0784123}
{"obj": {"type": "LogFloats", "path": ["train", "loss"], "values": [{"value": 2.0978086590766907, "step": null, "ts": 1742470655.0340083}]}, "version": 25, "at": 1742470655.0340345}
{"obj": {"type": "LogFloats", "path": ["valid", "loss"], "values": [{"value": 2.0978086590766907, "step": null, "ts": 1742470655.0342207}]}, "version": 26, "at": 1742470655.0342464}
{"obj": {"type": "LogFloats", "path": ["train", "loss"], "values": [{"value": 2.094339892268181, "step": null, "ts": 1742470663.057518}]}, "version": 27, "at": 1742470663.0575483}
{"obj": {"type": "LogFloats", "path": ["valid", "loss"], "values": [{"value": 2.094339892268181, "step": null, "ts": 1742470663.0576687}]}, "version": 28, "at": 1742470663.0576844}
{"obj": {"type": "LogFloats", "path": ["train", "loss"], "values": [{"value": 2.085017990320921, "step": null, "ts": 1742470670.7435796}]}, "version": 29, "at": 1742470670.7436073}
{"obj": {"type": "LogFloats", "path": ["valid", "loss"], "values": [{"value": 2.085017990320921, "step": null, "ts": 1742470670.7437117}]}, "version": 30, "at": 1742470670.743728}
