
transformix is started at Sun Mar  9 12:24:28 2025.

which transformix:   C:/Tue/CapitaFolder/transformix.exe
transformix runs at: S20201742
  Windows  Professional (x64),  (Build 9200)
  with 16189 MB memory, and 6 cores @ 2592 MHz.
Running transformix with parameter file "results_baseline/rigid\TransformParameters.0.txt".

Reading the elastix parameters from file ...

Installing all components.
InstallingComponents was successful.

ELASTIX version: 5.000
Command line options from ElastixBase:
-in       augmented_mask_train\aug_mask_9.mhd
-out      results_baseline\rigid\
-threads  unspecified, so all available threads are used
-tp       results_baseline/rigid\TransformParameters.0.txt
-def      unspecified, so no input points transformed
-jac      unspecified, so no det(dT/dx) computed
-jacmat   unspecified, so no dT/dx computed

=============== start of ParameterFile: results_baseline/rigid\TransformParameters.0.txt ===============
(Transform "EulerTransform")
(NumberOfParameters 6)
(TransformParameters -0.024606 -0.114119 -0.209376 156.468719 149.680973 19.023957)
(InitialTransformParametersFileName "NoInitialTransform")
(UseBinaryFormatForTransformationParameters "false")
(HowToCombineTransforms "Compose")

// Image specific
(FixedImageDimension 3)
(MovingImageDimension 3)
(FixedInternalImagePixelType "float")
(MovingInternalImagePixelType "float")
(Size 271 333 86)
(Index 0 0 0)
(Spacing 0.4882810000 0.4882810000 0.9999990000)
(Origin -66.5383000000 -62.3476000000 -26.2872000000)
(Direction 1.0000000000 0.0000000000 0.0000000000 0.0000000000 1.0000000000 0.0000000000 0.0000000000 0.0000000000 1.0000000000)
(UseDirectionCosines "true")

// EulerTransform specific
(CenterOfRotationPoint -0.6203650000 18.7070460000 16.2127575000)
(ComputeZYX "false")

// ResampleInterpolator specific
(ResampleInterpolator "FinalNearestNeighborInterpolator")

// Resampler specific
(Resampler "DefaultResampler")
(DefaultPixelValue 0.000000)
(ResultImageFormat "mhd")
(ResultImagePixelType "short")
(CompressResultImage "false")


=============== end of ParameterFile: results_baseline/rigid\TransformParameters.0.txt ===============


Reading input image ...
  Reading input image took 0.015987 s
Calling all ReadFromFile()'s ...
  Calling all ReadFromFile()'s took 0.000204 s
Transforming points ...
  The command-line option "-def" is not used, so no points are transformed
  Transforming points done, it took 0.00s
Compute determinant of spatial Jacobian ...
  The command-line option "-jac" is not used, so no det(dT/dx) computed.
  Computing determinant of spatial Jacobian done, it took 0.00s
Compute spatial Jacobian (full matrix) ...
  The command-line option "-jacmat" is not used, so no dT/dx computed.
  Computing spatial Jacobian done, it took 0.00s
Resampling image and writing to disk ...
  Resampling took 0.04s

transformix has finished at Sun Mar  9 12:24:28 2025.
Total time elapsed: 0.2s.

