
transformix is started at Tue Feb 18 11:35:03 2025.

which transformix:   C:/Users/20212059/Documents/CapitaSelecta/elastix-5.0.0-win64/transformix.exe
transformix runs at: s20212059
  Windows  Professional (x64),  (Build 9200)
  with 16135 MB memory, and 6 cores @ 2592 MHz.
Running transformix with parameter file "results/TransformParameters.0.txt".

Reading the elastix parameters from file ...

Installing all components.
InstallingComponents was successful.

ELASTIX version: 5.000
Command line options from ElastixBase:
-in       ../DevelopmentData/DevelopmentData/p107/prostaat.mhd
-out      results\
-threads  unspecified, so all available threads are used
-tp       results/TransformParameters.0.txt
-def      unspecified, so no input points transformed
-jac      unspecified, so no det(dT/dx) computed
-jacmat   unspecified, so no dT/dx computed

=============== start of ParameterFile: results/TransformParameters.0.txt ===============
(Transform "BSplineTransform")
(NumberOfParameters 540)
(TransformParameters 0.000000 0.000000 0.000000 0.000000 0.000000 0.000000 0.000000 0.000000 0.000000 0.000000 0.000000 0.000000 0.000000 0.000000 0.000000 0.000000 0.000000 0.000000 0.000000 0.000000 0.000000 0.000000 0.000000 0.000000 0.000000 0.000000 0.000000 0.000000 0.000000 0.000000 0.000000 0.000000 0.000000 0.000000 0.000000 0.000000 0.000000 0.000000 0.000000 0.000000 0.000000 0.000000 -0.000000 -0.000091 -0.000328 -0.000019 0.000008 0.000000 -0.000001 -0.014914 -0.063573 -0.013994 0.000613 0.000000 -0.000001 -0.038413 -0.173277 -0.044499 0.001034 0.000000 -0.000000 -0.006903 -0.032815 -0.009387 0.000096 0.000000 0.000000 -0.000000 -0.000000 -0.000000 -0.000000 0.000000 0.000000 0.000000 0.000000 0.000000 0.000000 0.000000 -0.000000 -0.001766 -0.005300 0.000714 0.000224 0.000000 -0.000014 -0.282032 -0.972446 -0.012116 0.026880 0.000000 -0.000027 -0.707992 -2.595433 -0.194403 0.052935 0.000000 -0.000003 -0.123117 -0.479629 -0.064127 0.006326 0.000000 0.000000 -0.000001 -0.000003 -0.000001 -0.000000 0.000000 0.000000 0.000000 0.000000 0.000000 0.000000 0.000000 -0.000000 -0.001645 -0.004642 0.001079 0.000252 0.000000 -0.000014 -0.256248 -0.739721 0.162800 0.036453 0.000000 -0.000026 -0.630970 -1.897356 0.290949 0.074885 0.000000 -0.000003 -0.106960 -0.336439 0.026379 0.009449 0.000000 0.000000 -0.000001 -0.000003 -0.000001 -0.000000 0.000000 0.000000 0.000000 0.000000 0.000000 0.000000 0.000000 -0.000000 -0.000065 -0.000177 0.000067 0.000014 0.000000 -0.000001 -0.009558 -0.014810 0.022628 0.002597 0.000000 -0.000001 -0.022538 -0.028540 0.056289 0.005575 0.000000 -0.000000 -0.003591 -0.003340 0.009291 0.000741 0.000000 0.000000 -0.000000 -0.000000 -0.000000 -0.000000 0.000000 0.000000 0.000000 0.000000 0.000000 0.000000 0.000000 0.000000 0.000000 0.000000 0.000000 0.000000 0.000000 0.000000 0.000000 0.000000 0.000000 0.000000 0.000000 0.000000 0.000000 0.000000 0.000000 0.000000 0.000000 0.000000 0.000000 0.000000 0.000000 0.000000 0.000000 0.000000 0.000000 0.000000 0.000000 0.000000 0.000000 0.000000 0.000000 0.000000 0.000000 0.000000 0.000000 -0.000000 -0.000157 -0.001455 -0.000927 -0.000022 0.000000 -0.000000 -0.006138 -0.047001 -0.026727 -0.000511 0.000000 -0.000001 0.004057 0.031544 0.013467 0.000091 0.000000 -0.000000 0.004040 0.028580 0.013614 0.000172 0.000000 0.000000 0.000000 0.000000 0.000000 0.000000 0.000000 0.000000 0.000000 0.000000 0.000000 0.000000 0.000000 -0.000000 -0.001533 -0.010797 -0.006760 -0.000216 0.000000 -0.000009 -0.043009 -0.148496 -0.071147 -0.003246 0.000000 -0.000016 0.175770 1.490760 0.749274 0.008726 0.000000 -0.000002 0.083855 0.590012 0.282077 0.003724 0.000000 0.000000 0.000002 0.000010 0.000004 0.000000 0.000000 0.000000 0.000000 0.000000 0.000000 0.000000 0.000000 -0.000000 -0.001005 -0.004860 -0.002720 -0.000119 0.000000 -0.000008 -0.012081 0.148575 0.112086 0.000347 0.000000 -0.000015 0.208097 1.819223 0.966067 0.013453 0.000000 -0.000002 0.082489 0.592318 0.291892 0.004187 0.000000 0.000000 0.000002 0.000011 0.000004 0.000000 0.000000 0.000000 0.000000 0.000000 0.000000 0.000000 0.000000 -0.000000 -0.000029 -0.000029 0.000026 -0.000000 0.000000 -0.000000 0.000942 0.020435 0.014179 0.000251 0.000000 -0.000001 0.011384 0.103265 0.059150 0.001025 0.000000 -0.000000 0.003754 0.028537 0.015115 0.000252 0.000000 0.000000 0.000000 0.000001 0.000000 0.000000 0.000000 0.000000 0.000000 0.000000 0.000000 0.000000 0.000000 0.000000 0.000000 0.000000 0.000000 0.000000 0.000000 0.000000 0.000000 0.000000 0.000000 0.000000 0.000000 0.000000 0.000000 0.000000 0.000000 0.000000 0.000000 0.000000 0.000000 0.000000 0.000000 0.000000 0.000000 0.000000 0.000000 0.000000 0.000000 0.000000 0.000000 0.000000 0.000000 0.000000 0.000000 0.000000 0.000000 0.000000 0.000024 -0.000270 -0.000439 -0.000021 0.000000 0.000000 -0.011538 -0.148610 -0.102650 -0.002020 0.000000 0.000000 -0.031079 -0.347409 -0.222209 -0.003785 0.000000 0.000000 -0.005475 -0.052190 -0.030329 -0.000435 0.000000 0.000000 -0.000000 -0.000001 -0.000000 -0.000000 0.000000 0.000000 0.000000 0.000000 0.000000 0.000000 0.000000 0.000000 0.001184 0.006265 0.000909 -0.000108 0.000000 0.000005 -0.078963 -1.067710 -0.672561 -0.002873 0.000000 0.000010 -0.329513 -3.345600 -1.849679 -0.004986 0.000000 0.000001 -0.080974 -0.680383 -0.339206 -0.001099 0.000000 0.000000 -0.000009 -0.000055 -0.000020 -0.000000 0.000000 0.000000 0.000000 0.000000 0.000000 0.000000 0.000000 0.000000 0.001144 0.007727 0.003029 0.000012 0.000000 0.000005 -0.034269 -0.469391 -0.204585 0.013367 0.000000 0.000010 -0.239804 -2.179292 -0.949022 0.026142 0.000000 0.000001 -0.073367 -0.570338 -0.249073 0.002294 0.000000 0.000000 -0.000013 -0.000075 -0.000027 -0.000000 0.000000 0.000000 0.000000 0.000000 0.000000 0.000000 0.000000 0.000000 0.000034 0.000260 0.000153 0.000007 0.000000 0.000000 -0.000627 -0.004061 0.008324 0.001616 0.000000 0.000000 -0.009617 -0.069110 -0.010407 0.003159 0.000000 0.000000 -0.003619 -0.025630 -0.009016 0.000321 0.000000 0.000000 -0.000001 -0.000005 -0.000002 -0.000000 0.000000)
(InitialTransformParametersFileName "NoInitialTransform")
(UseBinaryFormatForTransformationParameters "false")
(HowToCombineTransforms "Compose")

// Image specific
(FixedImageDimension 3)
(MovingImageDimension 3)
(FixedInternalImagePixelType "float")
(MovingInternalImagePixelType "float")
(Size 271 333 86)
(Index 0 0 0)
(Spacing 0.4882810000 0.4882810000 1.0000000000)
(Origin -46.9093000000 -77.4416000000 -67.0082000000)
(Direction 1.0000000000 0.0000000000 0.0000000000 0.0000000000 1.0000000000 0.0000000000 0.0000000000 0.0000000000 1.0000000000)
(UseDirectionCosines "true")

// BSplineTransform specific
(GridSize 6 6 5)
(GridIndex 0 0 0)
(GridSpacing 64.0000000000 64.0000000000 64.0000000000)
(GridOrigin -140.9913650000 -156.3869540000 -152.5082000000)
(GridDirection 1.0000000000 0.0000000000 0.0000000000 0.0000000000 1.0000000000 0.0000000000 0.0000000000 0.0000000000 1.0000000000)
(BSplineTransformSplineOrder 3)
(UseCyclicTransform "false")

// ResampleInterpolator specific
(ResampleInterpolator "FinalBSplineInterpolator")
(FinalBSplineInterpolationOrder 3)

// Resampler specific
(Resampler "DefaultResampler")
(DefaultPixelValue 0.000000)
(ResultImageFormat "tiff")
(ResultImagePixelType "unsigned char")
(CompressResultImage "false")


=============== end of ParameterFile: results/TransformParameters.0.txt ===============


Reading input image ...
  Reading input image took 0.019914 s
Calling all ReadFromFile()'s ...
  Calling all ReadFromFile()'s took 0.001204 s
Transforming points ...
  The command-line option "-def" is not used, so no points are transformed
  Transforming points done, it took 0.00s
Compute determinant of spatial Jacobian ...
  The command-line option "-jac" is not used, so no det(dT/dx) computed.
  Computing determinant of spatial Jacobian done, it took 0.00s
Compute spatial Jacobian (full matrix) ...
  The command-line option "-jacmat" is not used, so no dT/dx computed.
  Computing spatial Jacobian done, it took 0.00s
Resampling image and writing to disk ...
  Resampling took 3.23s

transformix has finished at Tue Feb 18 11:35:06 2025.
Total time elapsed: 3.4s.

