
elastix is started at Sun Feb 16 13:41:20 2025.

which elastix:   C:/Users/20212077/OneDrive - TU Eindhoven/Desktop/8DM20 - Capita Selecta Medical Imaging/elastix-5.0.0-win64/elastix.exe
elastix runs at: S20212077
  Windows  Professional (x64),  (Build 9200)
  with 16135 MB memory, and 6 cores @ 2592 MHz.
-------------------------------------------------------------------------

Running elastix with parameter file 0: "ImagesforPractical/MR\parameters_samplespace2_MR.txt".

Current time: Sun Feb 16 13:41:20 2025.
Reading the elastix parameters from file ...

Installing all components.
InstallingComponents was successful.

ELASTIX version: 5.000
Command line options from ElastixBase:
-f        ImagesforPractical/MR\patient1.jpg
-m        ImagesforPractical/MR\patient2.jpg
-fMask    unspecified, so no fixed mask used
-mMask    unspecified, so no moving mask used
-out      ImagesforPractical\MR\results_samplespace2\
-p        ImagesforPractical/MR\parameters_samplespace2_MR.txt
-priority unspecified, so NORMAL process priority
-threads  unspecified, so all available threads are used
Command line options from TransformBase:
-t0       unspecified, so no initial transform used

=============== start of ParameterFile: ImagesforPractical/MR\parameters_samplespace2_MR.txt ===============
// Example parameter file for B-spline registration

// The internal pixel type, used for internal computations
// Leave to float in general.
// NB: this is not the type of the input images! The pixel
// type of the input images is automatically read from the
// images themselves.
(FixedInternalImagePixelType "float")
(MovingInternalImagePixelType "float")

// The dimensions of the fixed and moving image
(FixedImageDimension 2)
(MovingImageDimension 2)

// Registration setup
(Registration "MultiResolutionRegistration")
(NumberOfResolutions 5)
(FixedImagePyramid "FixedSmoothingImagePyramid")
(MovingImagePyramid "MovingSmoothingImagePyramid")


// Optimizer
(Optimizer "FullSearch")
(FullSearchSpace0 "test" 0 -1.5 1.5 0.01)
(FullSearchSpace1 "test" 0 -1.5 1.5 0.01)
(FullSearchSpace2 "test" 0 -1.5 1.5 0.01)
(FullSearchSpace3 "test" 0 -1.5 1.5 0.01)
(FullSearchSpace4 "test" 0 -1.5 1.5 0.01)


// Sampling voxels from the images
// Random subsampling
(ImageSampler "Random")
(NumberOfSpatialSamples 2048)


// Transformation
(Transform "EulerTransform")
(CenterOfRotationPoint 128 128)

// Metric
(Metric "AdvancedNormalizedCorrelation")
(SubtractMean "true")


// Order of B-Spline interpolation used during registration/optimisation.
(BSplineInterpolationOrder 1)

// Order of B-Spline interpolation used for applying the final
// deformation.
(FinalBSplineInterpolationOrder 3)

//Default pixel value for pixels that come from outside the picture:
(DefaultPixelValue 0)


// Choose whether to generate the deformed moving image.
(WriteResultImage "true")
(WriteTransformParametersEachResolution "true")

// The pixel type and format of the resulting deformed moving image
(ResultImagePixelType "unsigned char")
(ResultImageFormat "tiff")



// Some settings to avoid warnings
(HowToCombineTransforms "Compose")
(UseDirectionCosines "true")
(AutomaticScalesEstimation "true")
(ErodeMask "false")
(BSplineTransformSplineOrder 3)
(UseCyclicTransform "false")
(ShowExactMetricValue "false")
(CheckNumberOfSamples "true")
(FixedImageBSplineInterpolationOrder 1)
(UseRandomSampleRegion "false")
(MinimumGradientMagnitude 1e-08)
(RelaxationFactor 0.5)
// The step size of the optimizer, in mm. 
(MaximumStepLength 1.0)
(MinimumStepLength 0.0001) 
(Interpolator "BSplineInterpolator")
(ResampleInterpolator "FinalBSplineInterpolator")
(Resampler "DefaultResampler")







=============== end of ParameterFile: ImagesforPractical/MR\parameters_samplespace2_MR.txt ===============


Reading images...
Reading images took 5 ms.

WARNING: the fixed pyramid schedule is not fully specified!
  A default pyramid schedule is used.
WARNING: the moving pyramid schedule is not fully specified!
  A default pyramid schedule is used.
WARNING: The parameter "AutomaticTransformInitialization", requested at entry number 0, does not exist at all.
  The default value "false" is used instead.
Transform parameters are initialized as: [0, 0, 0]
Scales are estimated automatically.
Scales for transform parameters are: [11093, 1, 1]
Initialization of all components (before registration) took: 2 ms.
Preparation of the image pyramids took: 6 ms.

Resolution: 0
WARNING: The parameter "NewSamplesEveryIteration", requested at entry number 0, does not exist at all.
  The default value "false" is used instead.
WARNING: The parameter "UseMultiThreadingForMetrics", requested at entry number 0, does not exist at all.
  The default value "true" is used instead.
WARNING: The parameter "NewSamplesEveryIteration", requested at entry number 0, does not exist at all.
  The default value "false" is used instead.
Setting the fixed masks took: 0 ms.
Setting the moving masks took: 0 ms.
Total number of iterations needed in this resolution: 301.
Elastix initialization of all components (for this resolution) took: 0 ms.
Initialization of AdvancedNormalizedCorrelation metric took: 1 ms.
1:ItNr	2:Metric	FS0:test:0	Time[ms]
0	-0.703626	-1.500000	2.0
1	-0.701077	-1.490000	0.6
2	-0.699913	-1.480000	0.6
3	-0.697763	-1.470000	0.6
4	-0.695442	-1.460000	0.6
5	-0.692779	-1.450000	0.6
6	-0.690682	-1.440000	0.6
7	-0.689279	-1.430000	0.6
8	-0.687451	-1.420000	0.6
9	-0.687432	-1.410000	0.6
10	-0.684008	-1.400000	0.6
11	-0.683014	-1.390000	0.6
12	-0.681450	-1.380000	0.6
13	-0.680508	-1.370000	0.8
14	-0.679625	-1.360000	0.8
15	-0.677132	-1.350000	0.6
16	-0.677244	-1.340000	0.6
17	-0.676352	-1.330000	0.6
18	-0.674563	-1.320000	0.6
19	-0.674051	-1.310000	0.6
20	-0.674178	-1.300000	0.6
21	-0.673301	-1.290000	0.6
22	-0.672594	-1.280000	0.6
23	-0.672723	-1.270000	0.6
24	-0.673429	-1.260000	0.6
25	-0.673656	-1.250000	0.6
26	-0.673420	-1.240000	0.6
27	-0.674884	-1.230000	0.6
28	-0.674381	-1.220000	0.6
29	-0.674651	-1.210000	0.6
30	-0.674081	-1.200000	0.6
31	-0.674004	-1.190000	0.6
32	-0.674930	-1.180000	0.6
33	-0.675188	-1.170000	0.6
34	-0.675259	-1.160000	0.6
35	-0.676300	-1.150000	0.6
36	-0.677690	-1.140000	0.6
37	-0.678990	-1.130000	0.6
38	-0.678708	-1.120000	0.6
39	-0.679321	-1.110000	0.6
40	-0.678989	-1.100000	0.6
41	-0.678725	-1.090000	0.6
42	-0.678383	-1.080000	0.6
43	-0.679978	-1.070000	0.6
44	-0.680905	-1.060000	0.6
45	-0.682675	-1.050000	0.6
46	-0.682530	-1.040000	0.6
47	-0.684317	-1.030000	0.6
48	-0.685713	-1.020000	0.6
49	-0.686097	-1.010000	0.6
50	-0.688149	-1.000000	0.6
51	-0.690187	-0.990000	0.6
52	-0.692164	-0.980000	0.6
53	-0.693115	-0.970000	0.6
54	-0.695338	-0.960000	0.6
55	-0.698263	-0.950000	0.6
56	-0.700496	-0.940000	0.6
57	-0.700470	-0.930000	0.6
58	-0.703075	-0.920000	0.6
59	-0.704997	-0.910000	0.6
60	-0.707363	-0.900000	0.6
61	-0.710413	-0.890000	0.6
62	-0.713969	-0.880000	0.6
63	-0.716382	-0.870000	0.6
64	-0.718182	-0.860000	0.6
65	-0.721836	-0.850000	0.6
66	-0.724031	-0.840000	0.7
67	-0.726263	-0.830000	0.6
68	-0.728796	-0.820000	0.6
69	-0.731378	-0.810000	0.6
70	-0.735097	-0.800000	0.6
71	-0.737873	-0.790000	0.6
72	-0.741024	-0.780000	0.6
73	-0.744593	-0.770000	0.6
74	-0.748715	-0.760000	0.6
75	-0.751991	-0.750000	0.6
76	-0.754998	-0.740000	0.6
77	-0.759311	-0.730000	0.6
78	-0.762319	-0.720000	0.6
79	-0.766884	-0.710000	0.6
80	-0.770844	-0.700000	0.6
81	-0.774494	-0.690000	0.6
82	-0.777301	-0.680000	0.6
83	-0.780757	-0.670000	0.6
84	-0.784729	-0.660000	0.6
85	-0.787588	-0.650000	0.6
86	-0.790735	-0.640000	0.6
87	-0.794485	-0.630000	0.6
88	-0.798752	-0.620000	0.6
89	-0.802201	-0.610000	0.6
90	-0.805849	-0.600000	0.6
91	-0.809234	-0.590000	0.6
92	-0.813044	-0.580000	0.6
93	-0.816407	-0.570000	0.8
94	-0.819932	-0.560000	0.7
95	-0.823581	-0.550000	0.6
96	-0.827663	-0.540000	0.6
97	-0.830896	-0.530000	0.6
98	-0.835686	-0.520000	0.6
99	-0.839203	-0.510000	0.6
100	-0.842949	-0.500000	0.6
101	-0.846415	-0.490000	0.6
102	-0.849768	-0.480000	0.6
103	-0.853494	-0.470000	0.6
104	-0.856485	-0.460000	0.6
105	-0.859928	-0.450000	0.6
106	-0.863137	-0.440000	0.6
107	-0.866161	-0.430000	0.6
108	-0.868888	-0.420000	0.6
109	-0.872055	-0.410000	0.6
110	-0.875593	-0.400000	0.6
111	-0.878859	-0.390000	0.6
112	-0.881962	-0.380000	0.6
113	-0.884809	-0.370000	0.6
114	-0.887414	-0.360000	0.6
115	-0.890268	-0.350000	0.6
116	-0.893591	-0.340000	0.6
117	-0.897395	-0.330000	0.6
118	-0.900232	-0.320000	0.6
119	-0.903681	-0.310000	1.0
120	-0.906715	-0.300000	0.7
121	-0.909395	-0.290000	0.6
122	-0.912255	-0.280000	0.6
123	-0.915543	-0.270000	0.6
124	-0.918016	-0.260000	0.6
125	-0.920467	-0.250000	0.6
126	-0.923053	-0.240000	0.6
127	-0.925385	-0.230000	0.6
128	-0.927575	-0.220000	0.6
129	-0.929862	-0.210000	0.6
130	-0.932421	-0.200000	0.6
131	-0.934666	-0.190000	0.6
132	-0.936920	-0.180000	0.6
133	-0.939063	-0.170000	0.6
134	-0.941067	-0.160000	0.6
135	-0.943195	-0.150000	0.6
136	-0.945013	-0.140000	0.6
137	-0.946859	-0.130000	0.6
138	-0.948716	-0.120000	0.6
139	-0.950490	-0.110000	0.6
140	-0.952145	-0.100000	0.6
141	-0.953523	-0.090000	0.6
142	-0.955222	-0.080000	0.6
143	-0.956532	-0.070000	0.7
144	-0.957629	-0.060000	0.7
145	-0.958928	-0.050000	0.7
146	-0.959894	-0.040000	0.7
147	-0.960873	-0.030000	0.6
148	-0.961923	-0.020000	0.6
149	-0.962742	-0.010000	0.7
150	-0.963404	0.000000	0.7
151	-0.963711	0.010000	0.6
152	-0.963984	0.020000	0.7
153	-0.964024	0.030000	0.6
154	-0.964189	0.040000	0.6
155	-0.964192	0.050000	0.6
156	-0.964197	0.060000	0.6
157	-0.964202	0.070000	0.6
158	-0.963958	0.080000	0.6
159	-0.963656	0.090000	0.7
160	-0.963342	0.100000	0.7
161	-0.962921	0.110000	0.6
162	-0.962471	0.120000	0.6
163	-0.961887	0.130000	0.6
164	-0.961300	0.140000	0.6
165	-0.960661	0.150000	0.7
166	-0.959930	0.160000	0.6
167	-0.959075	0.170000	0.6
168	-0.958149	0.180000	0.6
169	-0.957178	0.190000	0.6
170	-0.955960	0.200000	0.6
171	-0.954797	0.210000	0.6
172	-0.953752	0.220000	0.6
173	-0.952408	0.230000	0.5
174	-0.951059	0.240000	0.5
175	-0.949668	0.250000	0.5
176	-0.948253	0.260000	0.5
177	-0.946785	0.270000	0.5
178	-0.945064	0.280000	0.5
179	-0.943110	0.290000	0.5
180	-0.941613	0.300000	0.5
181	-0.939911	0.310000	0.5
182	-0.938124	0.320000	0.5
183	-0.936177	0.330000	0.5
184	-0.934370	0.340000	0.5
185	-0.932326	0.350000	0.5
186	-0.930220	0.360000	0.5
187	-0.928059	0.370000	0.5
188	-0.925839	0.380000	0.5
189	-0.923551	0.390000	0.5
190	-0.921514	0.400000	0.5
191	-0.919114	0.410000	0.5
192	-0.916889	0.420000	0.5
193	-0.914283	0.430000	0.5
194	-0.911566	0.440000	0.5
195	-0.909125	0.450000	0.5
196	-0.906562	0.460000	0.6
197	-0.903261	0.470000	0.6
198	-0.900346	0.480000	0.6
199	-0.897370	0.490000	0.5
200	-0.894183	0.500000	0.5
201	-0.890758	0.510000	0.5
202	-0.888165	0.520000	0.5
203	-0.885297	0.530000	0.5
204	-0.881992	0.540000	0.5
205	-0.878968	0.550000	0.5
206	-0.875777	0.560000	0.5
207	-0.872889	0.570000	0.5
208	-0.869801	0.580000	0.6
209	-0.866546	0.590000	0.6
210	-0.863264	0.600000	0.5
211	-0.859802	0.610000	0.5
212	-0.856625	0.620000	0.5
213	-0.853640	0.630000	0.6
214	-0.850306	0.640000	0.5
215	-0.847155	0.650000	0.5
216	-0.843549	0.660000	0.5
217	-0.840420	0.670000	0.5
218	-0.837514	0.680000	0.5
219	-0.835257	0.690000	0.5
220	-0.832010	0.700000	0.5
221	-0.829417	0.710000	0.5
222	-0.826399	0.720000	0.5
223	-0.823408	0.730000	0.6
224	-0.820489	0.740000	0.5
225	-0.816989	0.750000	0.6
226	-0.813886	0.760000	0.6
227	-0.811726	0.770000	0.6
228	-0.809410	0.780000	0.6
229	-0.806619	0.790000	0.5
230	-0.803571	0.800000	0.5
231	-0.801531	0.810000	0.5
232	-0.799536	0.820000	0.5
233	-0.796784	0.830000	0.5
234	-0.795322	0.840000	0.5
235	-0.793069	0.850000	0.5
236	-0.791539	0.860000	0.5
237	-0.789289	0.870000	0.5
238	-0.787018	0.880000	0.5
239	-0.783736	0.890000	0.5
240	-0.780939	0.900000	0.5
241	-0.778711	0.910000	0.5
242	-0.775901	0.920000	0.5
243	-0.773973	0.930000	0.5
244	-0.771391	0.940000	0.5
245	-0.769930	0.950000	0.5
246	-0.767156	0.960000	0.5
247	-0.764014	0.970000	0.5
248	-0.761104	0.980000	0.5
249	-0.759394	0.990000	0.5
250	-0.757357	1.000000	0.6
251	-0.754236	1.010000	0.6
252	-0.751929	1.020000	0.5
253	-0.750940	1.030000	0.5
254	-0.749099	1.040000	0.5
255	-0.748395	1.050000	0.6
256	-0.746435	1.060000	0.6
257	-0.744166	1.070000	0.6
258	-0.743500	1.080000	0.6
259	-0.741381	1.090000	0.6
260	-0.740098	1.100000	0.6
261	-0.738785	1.110000	0.6
262	-0.737539	1.120000	0.5
263	-0.735363	1.130000	0.6
264	-0.733777	1.140000	0.6
265	-0.731960	1.150000	0.6
266	-0.729479	1.160000	0.6
267	-0.727623	1.170000	0.6
268	-0.725514	1.180000	0.6
269	-0.724988	1.190000	0.6
270	-0.722786	1.200000	0.6
271	-0.720913	1.210000	0.6
272	-0.719657	1.220000	0.6
273	-0.719133	1.230000	0.6
274	-0.719233	1.240000	0.6
275	-0.718136	1.250000	0.6
276	-0.717993	1.260000	0.6
277	-0.717479	1.270000	0.6
278	-0.716940	1.280000	0.6
279	-0.715646	1.290000	0.6
280	-0.717248	1.300000	0.6
281	-0.716390	1.310000	0.6
282	-0.715249	1.320000	0.6
283	-0.715012	1.330000	0.6
284	-0.715086	1.340000	0.9
285	-0.714238	1.350000	0.6
286	-0.714780	1.360000	0.6
287	-0.716082	1.370000	0.6
288	-0.716379	1.380000	0.6
289	-0.716052	1.390000	0.6
290	-0.716923	1.400000	0.6
291	-0.718624	1.410000	0.6
292	-0.719833	1.420000	0.6
293	-0.719640	1.430000	0.6
294	-0.721234	1.440000	0.6
295	-0.722049	1.450000	0.6
296	-0.723763	1.460000	0.6
297	-0.724810	1.470000	0.6
298	-0.725711	1.480000	0.6
299	-0.727020	1.490000	0.6
300	-0.728984	1.500000	0.6
Time spent in resolution 0 (ITK initialization and iterating): 0.189 s.
Stopping condition: The full range has been searched.

Best metric value in this resolution = -0.964202
Index of the point in the optimization surface image that has the best metric value: [ 157 ]
The corresponding parameter values: [ 0.070000 ]


Resolution: 1
WARNING: The parameter "NewSamplesEveryIteration", requested at entry number 1, does not exist at all.
  The default value "false" is used instead.
WARNING: The parameter "UseMultiThreadingForMetrics", requested at entry number 1, does not exist at all.
  The default value "true" is used instead.
WARNING: The parameter "NewSamplesEveryIteration", requested at entry number 1, does not exist at all.
  The default value "false" is used instead.
Setting the fixed masks took: 0 ms.
Setting the moving masks took: 0 ms.
Total number of iterations needed in this resolution: 301.
Elastix initialization of all components (for this resolution) took: 0 ms.
Initialization of AdvancedNormalizedCorrelation metric took: 1 ms.
1:ItNr	2:Metric	FS0:test:0	Time[ms]
0	-0.606071	-1.500000	2.0
1	-0.604872	-1.490000	0.7
2	-0.601936	-1.480000	1.0
3	-0.599371	-1.470000	0.8
4	-0.596350	-1.460000	0.9
5	-0.593956	-1.450000	0.7
6	-0.590716	-1.440000	0.7
7	-0.588642	-1.430000	0.7
8	-0.587005	-1.420000	0.7
9	-0.583793	-1.410000	0.7
10	-0.580948	-1.400000	0.7
11	-0.577788	-1.390000	0.7
12	-0.576859	-1.380000	0.6
13	-0.574550	-1.370000	0.6
14	-0.573104	-1.360000	0.6
15	-0.571647	-1.350000	0.6
16	-0.568955	-1.340000	0.6
17	-0.565190	-1.330000	0.6
18	-0.564032	-1.320000	0.5
19	-0.561582	-1.310000	0.5
20	-0.560305	-1.300000	0.5
21	-0.558841	-1.290000	0.5
22	-0.556673	-1.280000	0.5
23	-0.555769	-1.270000	0.5
24	-0.554340	-1.260000	0.5
25	-0.553916	-1.250000	0.5
26	-0.551607	-1.240000	0.5
27	-0.550299	-1.230000	0.6
28	-0.549068	-1.220000	0.6
29	-0.547460	-1.210000	0.6
30	-0.547796	-1.200000	0.6
31	-0.545948	-1.190000	0.6
32	-0.545324	-1.180000	0.6
33	-0.545124	-1.170000	0.6
34	-0.546302	-1.160000	0.6
35	-0.548107	-1.150000	0.6
36	-0.549576	-1.140000	0.5
37	-0.550156	-1.130000	0.6
38	-0.551551	-1.120000	0.5
39	-0.552811	-1.110000	0.5
40	-0.555607	-1.100000	0.6
41	-0.556329	-1.090000	0.6
42	-0.557547	-1.080000	0.6
43	-0.560029	-1.070000	0.5
44	-0.563357	-1.060000	0.6
45	-0.564532	-1.050000	0.6
46	-0.564231	-1.040000	0.6
47	-0.566123	-1.030000	0.6
48	-0.567620	-1.020000	0.5
49	-0.569885	-1.010000	0.5
50	-0.573060	-1.000000	0.5
51	-0.574729	-0.990000	0.5
52	-0.576292	-0.980000	0.6
53	-0.577372	-0.970000	0.6
54	-0.579007	-0.960000	0.7
55	-0.582739	-0.950000	0.6
56	-0.586024	-0.940000	0.6
57	-0.588749	-0.930000	0.6
58	-0.591956	-0.920000	0.5
59	-0.594560	-0.910000	0.5
60	-0.594943	-0.900000	0.6
61	-0.598184	-0.890000	0.5
62	-0.600519	-0.880000	0.5
63	-0.602324	-0.870000	0.5
64	-0.604551	-0.860000	0.5
65	-0.607113	-0.850000	0.5
66	-0.609365	-0.840000	0.5
67	-0.611185	-0.830000	0.6
68	-0.612770	-0.820000	0.5
69	-0.615159	-0.810000	0.5
70	-0.617105	-0.800000	0.6
71	-0.618306	-0.790000	0.5
72	-0.619985	-0.780000	0.5
73	-0.622150	-0.770000	0.5
74	-0.624767	-0.760000	0.5
75	-0.627139	-0.750000	0.5
76	-0.629941	-0.740000	0.5
77	-0.634060	-0.730000	0.5
78	-0.636187	-0.720000	0.5
79	-0.639690	-0.710000	0.5
80	-0.642320	-0.700000	0.5
81	-0.646519	-0.690000	0.6
82	-0.650841	-0.680000	0.6
83	-0.655066	-0.670000	0.6
84	-0.658939	-0.660000	0.6
85	-0.663738	-0.650000	0.6
86	-0.666541	-0.640000	0.5
87	-0.669663	-0.630000	0.6
88	-0.673970	-0.620000	0.6
89	-0.678222	-0.610000	0.6
90	-0.682242	-0.600000	0.6
91	-0.684941	-0.590000	0.6
92	-0.688756	-0.580000	0.6
93	-0.693148	-0.570000	0.5
94	-0.697506	-0.560000	0.6
95	-0.701618	-0.550000	0.5
96	-0.706119	-0.540000	0.6
97	-0.709508	-0.530000	0.6
98	-0.714144	-0.520000	0.5
99	-0.718124	-0.510000	0.6
100	-0.721824	-0.500000	0.6
101	-0.726341	-0.490000	0.6
102	-0.731458	-0.480000	0.6
103	-0.736320	-0.470000	0.6
104	-0.742175	-0.460000	0.6
105	-0.747334	-0.450000	0.6
106	-0.753098	-0.440000	0.6
107	-0.757176	-0.430000	0.6
108	-0.761597	-0.420000	0.6
109	-0.766402	-0.410000	0.6
110	-0.771172	-0.400000	0.6
111	-0.775505	-0.390000	0.6
112	-0.780109	-0.380000	0.6
113	-0.784594	-0.370000	0.6
114	-0.788435	-0.360000	0.6
115	-0.792379	-0.350000	0.6
116	-0.795807	-0.340000	0.6
117	-0.799872	-0.330000	0.6
118	-0.803264	-0.320000	0.6
119	-0.806727	-0.310000	0.6
120	-0.810359	-0.300000	0.6
121	-0.813419	-0.290000	0.6
122	-0.817259	-0.280000	0.6
123	-0.821319	-0.270000	0.6
124	-0.825276	-0.260000	0.6
125	-0.829875	-0.250000	0.6
126	-0.834077	-0.240000	0.6
127	-0.838473	-0.230000	0.6
128	-0.842114	-0.220000	0.6
129	-0.846073	-0.210000	0.6
130	-0.850582	-0.200000	0.6
131	-0.854216	-0.190000	0.6
132	-0.857969	-0.180000	0.6
133	-0.861517	-0.170000	0.6
134	-0.865645	-0.160000	0.6
135	-0.869187	-0.150000	0.6
136	-0.872430	-0.140000	0.6
137	-0.875718	-0.130000	0.7
138	-0.879298	-0.120000	0.7
139	-0.882613	-0.110000	0.6
140	-0.886220	-0.100000	0.6
141	-0.889250	-0.090000	0.6
142	-0.892334	-0.080000	0.6
143	-0.895643	-0.070000	0.6
144	-0.898286	-0.060000	0.6
145	-0.901193	-0.050000	0.6
146	-0.903862	-0.040000	0.6
147	-0.906096	-0.030000	0.6
148	-0.908507	-0.020000	0.6
149	-0.910863	-0.010000	0.6
150	-0.912733	0.000000	0.6
151	-0.913421	0.010000	0.6
152	-0.913849	0.020000	0.6
153	-0.914002	0.030000	0.6
154	-0.914169	0.040000	0.6
155	-0.914135	0.050000	0.6
156	-0.913885	0.060000	0.6
157	-0.913302	0.070000	0.6
158	-0.912768	0.080000	0.6
159	-0.912022	0.090000	0.6
160	-0.911007	0.100000	0.6
161	-0.909594	0.110000	0.7
162	-0.907727	0.120000	0.8
163	-0.906092	0.130000	0.7
164	-0.904259	0.140000	0.6
165	-0.901989	0.150000	0.6
166	-0.899804	0.160000	0.6
167	-0.897036	0.170000	0.6
168	-0.894103	0.180000	0.6
169	-0.891093	0.190000	0.6
170	-0.888138	0.200000	0.6
171	-0.885058	0.210000	0.6
172	-0.881582	0.220000	0.6
173	-0.877910	0.230000	0.6
174	-0.874150	0.240000	0.6
175	-0.870491	0.250000	0.6
176	-0.866692	0.260000	0.6
177	-0.862835	0.270000	0.6
178	-0.858782	0.280000	0.6
179	-0.855075	0.290000	0.6
180	-0.851550	0.300000	0.6
181	-0.847861	0.310000	0.6
182	-0.843961	0.320000	0.6
183	-0.840036	0.330000	0.6
184	-0.836369	0.340000	0.6
185	-0.831953	0.350000	0.6
186	-0.827712	0.360000	0.6
187	-0.823199	0.370000	0.6
188	-0.818495	0.380000	0.6
189	-0.813206	0.390000	0.6
190	-0.808795	0.400000	0.6
191	-0.804282	0.410000	0.6
192	-0.800054	0.420000	0.6
193	-0.795141	0.430000	0.6
194	-0.790160	0.440000	0.6
195	-0.785532	0.450000	0.5
196	-0.779808	0.460000	0.6
197	-0.774900	0.470000	0.6
198	-0.769268	0.480000	0.6
199	-0.764985	0.490000	0.6
200	-0.759894	0.500000	0.6
201	-0.755068	0.510000	0.6
202	-0.749723	0.520000	0.6
203	-0.743996	0.530000	0.5
204	-0.739701	0.540000	0.5
205	-0.734392	0.550000	0.5
206	-0.729720	0.560000	0.5
207	-0.726033	0.570000	0.5
208	-0.720879	0.580000	0.5
209	-0.717233	0.590000	0.5
210	-0.713689	0.600000	0.5
211	-0.709490	0.610000	0.6
212	-0.707876	0.620000	0.6
213	-0.705398	0.630000	0.6
214	-0.702139	0.640000	0.6
215	-0.698568	0.650000	0.6
216	-0.694991	0.660000	0.6
217	-0.692622	0.670000	0.6
218	-0.690869	0.680000	0.6
219	-0.688005	0.690000	0.6
220	-0.684371	0.700000	0.6
221	-0.681240	0.710000	0.5
222	-0.677032	0.720000	0.6
223	-0.674152	0.730000	0.5
224	-0.670516	0.740000	0.5
225	-0.666657	0.750000	0.5
226	-0.663965	0.760000	0.5
227	-0.660965	0.770000	0.5
228	-0.657482	0.780000	0.5
229	-0.654949	0.790000	0.5
230	-0.651286	0.800000	0.5
231	-0.648925	0.810000	0.5
232	-0.646689	0.820000	0.5
233	-0.644604	0.830000	0.5
234	-0.644262	0.840000	0.5
235	-0.641764	0.850000	0.5
236	-0.638979	0.860000	0.5
237	-0.636571	0.870000	0.5
238	-0.637461	0.880000	0.5
239	-0.637365	0.890000	0.5
240	-0.636107	0.900000	0.5
241	-0.634580	0.910000	0.6
242	-0.633281	0.920000	0.6
243	-0.632040	0.930000	0.6
244	-0.629291	0.940000	0.6
245	-0.627804	0.950000	0.6
246	-0.624842	0.960000	0.6
247	-0.623107	0.970000	0.6
248	-0.619900	0.980000	0.6
249	-0.617178	0.990000	0.6
250	-0.614066	1.000000	0.6
251	-0.609583	1.010000	0.6
252	-0.607708	1.020000	0.6
253	-0.604387	1.030000	0.6
254	-0.603039	1.040000	0.6
255	-0.602068	1.050000	0.6
256	-0.600394	1.060000	0.6
257	-0.598351	1.070000	0.6
258	-0.596834	1.080000	0.6
259	-0.596889	1.090000	0.6
260	-0.594464	1.100000	0.6
261	-0.594552	1.110000	0.6
262	-0.593180	1.120000	0.6
263	-0.595070	1.130000	0.6
264	-0.592366	1.140000	0.6
265	-0.593235	1.150000	0.6
266	-0.593114	1.160000	0.6
267	-0.591823	1.170000	0.6
268	-0.592296	1.180000	0.6
269	-0.593172	1.190000	0.6
270	-0.592874	1.200000	0.6
271	-0.594135	1.210000	0.6
272	-0.594943	1.220000	0.7
273	-0.594176	1.230000	0.6
274	-0.594196	1.240000	0.6
275	-0.593471	1.250000	0.6
276	-0.593384	1.260000	0.6
277	-0.592294	1.270000	0.6
278	-0.591520	1.280000	0.6
279	-0.590609	1.290000	0.6
280	-0.591196	1.300000	0.6
281	-0.590745	1.310000	0.6
282	-0.589872	1.320000	0.6
283	-0.590193	1.330000	0.6
284	-0.589830	1.340000	0.6
285	-0.587921	1.350000	0.6
286	-0.587432	1.360000	0.6
287	-0.588055	1.370000	0.6
288	-0.587516	1.380000	0.6
289	-0.585716	1.390000	0.6
290	-0.584990	1.400000	0.6
291	-0.586653	1.410000	0.6
292	-0.587650	1.420000	0.6
293	-0.587909	1.430000	0.6
294	-0.588315	1.440000	0.6
295	-0.589390	1.450000	0.6
296	-0.591609	1.460000	0.6
297	-0.593120	1.470000	0.6
298	-0.594671	1.480000	0.7
299	-0.597294	1.490000	0.7
300	-0.598474	1.500000	0.6
Time spent in resolution 1 (ITK initialization and iterating): 0.189 s.
Stopping condition: The full range has been searched.

Best metric value in this resolution = -0.914169
Index of the point in the optimization surface image that has the best metric value: [ 154 ]
The corresponding parameter values: [ 0.040000 ]


Resolution: 2
WARNING: The parameter "NewSamplesEveryIteration", requested at entry number 2, does not exist at all.
  The default value "false" is used instead.
WARNING: The parameter "UseMultiThreadingForMetrics", requested at entry number 2, does not exist at all.
  The default value "true" is used instead.
WARNING: The parameter "NewSamplesEveryIteration", requested at entry number 2, does not exist at all.
  The default value "false" is used instead.
Setting the fixed masks took: 0 ms.
Setting the moving masks took: 0 ms.
Total number of iterations needed in this resolution: 301.
Elastix initialization of all components (for this resolution) took: 0 ms.
Initialization of AdvancedNormalizedCorrelation metric took: 1 ms.
1:ItNr	2:Metric	FS0:test:0	Time[ms]
0	-0.478564	-1.500000	1.9
1	-0.476796	-1.490000	0.6
2	-0.474592	-1.480000	0.6
3	-0.472361	-1.470000	0.7
4	-0.471025	-1.460000	0.7
5	-0.468371	-1.450000	0.7
6	-0.466437	-1.440000	0.7
7	-0.463221	-1.430000	0.7
8	-0.460710	-1.420000	0.7
9	-0.457112	-1.410000	0.7
10	-0.454561	-1.400000	0.7
11	-0.451756	-1.390000	0.8
12	-0.449343	-1.380000	0.7
13	-0.446596	-1.370000	0.6
14	-0.443199	-1.360000	0.6
15	-0.439113	-1.350000	0.6
16	-0.438727	-1.340000	0.8
17	-0.435183	-1.330000	1.1
18	-0.431547	-1.320000	0.8
19	-0.428535	-1.310000	0.6
20	-0.427448	-1.300000	0.6
21	-0.424897	-1.290000	0.6
22	-0.422464	-1.280000	0.6
23	-0.421645	-1.270000	0.6
24	-0.419393	-1.260000	0.6
25	-0.417376	-1.250000	0.6
26	-0.415604	-1.240000	0.6
27	-0.412918	-1.230000	0.5
28	-0.410624	-1.220000	0.6
29	-0.407929	-1.210000	0.6
30	-0.404112	-1.200000	0.6
31	-0.399980	-1.190000	0.5
32	-0.395268	-1.180000	0.6
33	-0.393070	-1.170000	0.6
34	-0.390238	-1.160000	0.5
35	-0.388909	-1.150000	0.5
36	-0.386352	-1.140000	0.5
37	-0.384561	-1.130000	0.5
38	-0.385809	-1.120000	0.6
39	-0.386443	-1.110000	0.6
40	-0.384869	-1.100000	0.6
41	-0.384195	-1.090000	0.6
42	-0.383995	-1.080000	1.0
43	-0.384795	-1.070000	0.7
44	-0.385899	-1.060000	0.6
45	-0.387515	-1.050000	0.6
46	-0.389906	-1.040000	0.6
47	-0.390133	-1.030000	0.6
48	-0.391796	-1.020000	0.5
49	-0.392860	-1.010000	0.6
50	-0.393462	-1.000000	0.5
51	-0.396428	-0.990000	0.5
52	-0.399101	-0.980000	0.5
53	-0.400553	-0.970000	0.5
54	-0.400923	-0.960000	0.5
55	-0.400441	-0.950000	0.5
56	-0.402650	-0.940000	0.5
57	-0.406021	-0.930000	0.5
58	-0.408411	-0.920000	0.5
59	-0.412106	-0.910000	0.5
60	-0.415755	-0.900000	0.5
61	-0.418701	-0.890000	0.5
62	-0.422389	-0.880000	0.5
63	-0.426661	-0.870000	0.5
64	-0.431117	-0.860000	0.5
65	-0.435936	-0.850000	0.5
66	-0.439653	-0.840000	0.5
67	-0.442426	-0.830000	0.6
68	-0.447749	-0.820000	0.5
69	-0.451497	-0.810000	0.5
70	-0.454583	-0.800000	1.2
71	-0.458941	-0.790000	1.1
72	-0.462627	-0.780000	0.6
73	-0.467141	-0.770000	0.5
74	-0.472876	-0.760000	0.6
75	-0.475790	-0.750000	0.6
76	-0.478772	-0.740000	0.5
77	-0.482619	-0.730000	0.5
78	-0.485193	-0.720000	0.5
79	-0.487637	-0.710000	0.5
80	-0.489630	-0.700000	0.5
81	-0.492594	-0.690000	0.5
82	-0.494322	-0.680000	0.5
83	-0.496592	-0.670000	0.5
84	-0.499250	-0.660000	0.5
85	-0.502662	-0.650000	0.5
86	-0.506000	-0.640000	0.5
87	-0.509163	-0.630000	0.5
88	-0.512009	-0.620000	0.5
89	-0.514624	-0.610000	0.5
90	-0.518269	-0.600000	0.5
91	-0.522266	-0.590000	0.5
92	-0.525297	-0.580000	0.5
93	-0.530126	-0.570000	0.6
94	-0.534191	-0.560000	0.5
95	-0.538363	-0.550000	0.5
96	-0.541071	-0.540000	0.7
97	-0.545275	-0.530000	0.7
98	-0.547717	-0.520000	0.6
99	-0.551803	-0.510000	0.5
100	-0.555406	-0.500000	0.5
101	-0.559034	-0.490000	0.5
102	-0.564277	-0.480000	0.5
103	-0.568566	-0.470000	0.5
104	-0.572330	-0.460000	0.5
105	-0.576626	-0.450000	0.5
106	-0.581993	-0.440000	0.5
107	-0.587045	-0.430000	0.5
108	-0.591613	-0.420000	0.5
109	-0.597198	-0.410000	0.5
110	-0.602279	-0.400000	0.5
111	-0.606853	-0.390000	0.5
112	-0.612233	-0.380000	0.5
113	-0.616706	-0.370000	0.5
114	-0.621264	-0.360000	0.5
115	-0.625700	-0.350000	0.5
116	-0.631117	-0.340000	0.5
117	-0.635990	-0.330000	0.5
118	-0.642006	-0.320000	0.5
119	-0.647565	-0.310000	0.5
120	-0.652256	-0.300000	0.5
121	-0.656717	-0.290000	0.6
122	-0.660746	-0.280000	0.6
123	-0.665833	-0.270000	0.6
124	-0.670472	-0.260000	0.5
125	-0.676288	-0.250000	0.6
126	-0.683545	-0.240000	0.6
127	-0.690719	-0.230000	0.6
128	-0.698224	-0.220000	0.6
129	-0.705605	-0.210000	0.6
130	-0.714298	-0.200000	0.6
131	-0.722346	-0.190000	0.6
132	-0.730695	-0.180000	0.6
133	-0.739168	-0.170000	0.6
134	-0.747497	-0.160000	0.6
135	-0.756012	-0.150000	0.6
136	-0.763277	-0.140000	0.6
137	-0.771466	-0.130000	0.6
138	-0.780265	-0.120000	0.6
139	-0.787480	-0.110000	0.6
140	-0.794921	-0.100000	0.6
141	-0.801350	-0.090000	0.6
142	-0.808059	-0.080000	0.6
143	-0.814129	-0.070000	0.6
144	-0.820076	-0.060000	0.6
145	-0.825657	-0.050000	0.6
146	-0.831114	-0.040000	0.6
147	-0.835568	-0.030000	0.6
148	-0.839756	-0.020000	0.6
149	-0.843266	-0.010000	0.6
150	-0.845881	0.000000	0.6
151	-0.847503	0.010000	0.6
152	-0.848129	0.020000	0.7
153	-0.847622	0.030000	0.6
154	-0.846989	0.040000	0.6
155	-0.844848	0.050000	0.6
156	-0.842382	0.060000	0.6
157	-0.838624	0.070000	0.6
158	-0.834667	0.080000	0.6
159	-0.830202	0.090000	0.6
160	-0.824592	0.100000	0.6
161	-0.818490	0.110000	0.6
162	-0.812183	0.120000	0.6
163	-0.804857	0.130000	0.6
164	-0.798296	0.140000	0.6
165	-0.790627	0.150000	0.6
166	-0.783114	0.160000	0.6
167	-0.775524	0.170000	0.6
168	-0.767107	0.180000	0.6
169	-0.758645	0.190000	0.6
170	-0.750308	0.200000	0.6
171	-0.741417	0.210000	0.7
172	-0.732423	0.220000	0.6
173	-0.723695	0.230000	0.6
174	-0.714666	0.240000	0.6
175	-0.705478	0.250000	0.6
176	-0.696271	0.260000	0.6
177	-0.687036	0.270000	0.6
178	-0.678271	0.280000	0.6
179	-0.669590	0.290000	0.6
180	-0.661407	0.300000	0.6
181	-0.652253	0.310000	0.6
182	-0.643856	0.320000	0.6
183	-0.635442	0.330000	0.6
184	-0.626560	0.340000	0.6
185	-0.618149	0.350000	0.6
186	-0.609816	0.360000	0.6
187	-0.602059	0.370000	0.6
188	-0.594153	0.380000	0.6
189	-0.586625	0.390000	0.6
190	-0.581888	0.400000	0.6
191	-0.575165	0.410000	0.6
192	-0.571508	0.420000	0.6
193	-0.566165	0.430000	0.6
194	-0.561138	0.440000	0.6
195	-0.556335	0.450000	0.6
196	-0.551606	0.460000	0.6
197	-0.547444	0.470000	0.5
198	-0.543509	0.480000	0.5
199	-0.540043	0.490000	0.5
200	-0.536877	0.500000	0.5
201	-0.534327	0.510000	0.5
202	-0.530684	0.520000	0.6
203	-0.528856	0.530000	0.6
204	-0.524955	0.540000	0.6
205	-0.523347	0.550000	0.6
206	-0.521558	0.560000	0.6
207	-0.520251	0.570000	0.6
208	-0.519203	0.580000	0.6
209	-0.519476	0.590000	0.6
210	-0.518700	0.600000	0.6
211	-0.516829	0.610000	0.6
212	-0.513653	0.620000	0.6
213	-0.512622	0.630000	0.6
214	-0.509787	0.640000	0.5
215	-0.507376	0.650000	0.5
216	-0.506556	0.660000	0.5
217	-0.504721	0.670000	0.5
218	-0.503065	0.680000	0.5
219	-0.501081	0.690000	0.6
220	-0.499598	0.700000	0.6
221	-0.497779	0.710000	0.6
222	-0.497425	0.720000	0.5
223	-0.494887	0.730000	0.5
224	-0.492440	0.740000	0.5
225	-0.490783	0.750000	0.5
226	-0.487882	0.760000	0.5
227	-0.485974	0.770000	0.5
228	-0.485869	0.780000	0.5
229	-0.485064	0.790000	0.5
230	-0.484624	0.800000	0.5
231	-0.485333	0.810000	0.5
232	-0.484222	0.820000	0.5
233	-0.483611	0.830000	0.6
234	-0.483152	0.840000	0.6
235	-0.482051	0.850000	0.6
236	-0.481167	0.860000	0.5
237	-0.480066	0.870000	0.5
238	-0.479847	0.880000	0.6
239	-0.478330	0.890000	0.5
240	-0.476778	0.900000	0.5
241	-0.474898	0.910000	0.5
242	-0.471680	0.920000	0.5
243	-0.469068	0.930000	0.5
244	-0.466238	0.940000	0.6
245	-0.461930	0.950000	0.5
246	-0.458617	0.960000	0.5
247	-0.456362	0.970000	0.6
248	-0.454457	0.980000	0.6
249	-0.453610	0.990000	0.6
250	-0.453436	1.000000	0.6
251	-0.451468	1.010000	0.6
252	-0.449704	1.020000	0.6
253	-0.448980	1.030000	0.6
254	-0.448997	1.040000	0.6
255	-0.447504	1.050000	0.5
256	-0.446917	1.060000	0.5
257	-0.447649	1.070000	0.5
258	-0.447326	1.080000	0.5
259	-0.447261	1.090000	0.6
260	-0.447582	1.100000	0.6
261	-0.447868	1.110000	0.6
262	-0.446432	1.120000	0.6
263	-0.447084	1.130000	0.6
264	-0.445708	1.140000	0.6
265	-0.445306	1.150000	0.6
266	-0.444521	1.160000	0.6
267	-0.443352	1.170000	0.6
268	-0.444376	1.180000	0.6
269	-0.442834	1.190000	0.6
270	-0.442410	1.200000	0.6
271	-0.443065	1.210000	0.6
272	-0.442750	1.220000	0.6
273	-0.445634	1.230000	0.6
274	-0.447070	1.240000	0.6
275	-0.448761	1.250000	0.6
276	-0.449569	1.260000	0.6
277	-0.450344	1.270000	0.6
278	-0.451906	1.280000	0.6
279	-0.451410	1.290000	0.6
280	-0.453057	1.300000	0.6
281	-0.454214	1.310000	0.6
282	-0.455320	1.320000	0.6
283	-0.457230	1.330000	0.6
284	-0.458999	1.340000	0.6
285	-0.460631	1.350000	0.6
286	-0.460740	1.360000	0.6
287	-0.461138	1.370000	0.6
288	-0.462917	1.380000	0.6
289	-0.464706	1.390000	0.6
290	-0.465153	1.400000	0.6
291	-0.467724	1.410000	0.6
292	-0.468007	1.420000	0.6
293	-0.470128	1.430000	0.6
294	-0.473484	1.440000	0.6
295	-0.478340	1.450000	0.6
296	-0.480305	1.460000	0.6
297	-0.483000	1.470000	0.6
298	-0.486370	1.480000	0.6
299	-0.488589	1.490000	0.6
300	-0.489705	1.500000	0.6
Time spent in resolution 2 (ITK initialization and iterating): 0.188 s.
Stopping condition: The full range has been searched.

Best metric value in this resolution = -0.848129
Index of the point in the optimization surface image that has the best metric value: [ 152 ]
The corresponding parameter values: [ 0.020000 ]


Resolution: 3
WARNING: The parameter "NewSamplesEveryIteration", requested at entry number 3, does not exist at all.
  The default value "false" is used instead.
WARNING: The parameter "UseMultiThreadingForMetrics", requested at entry number 3, does not exist at all.
  The default value "true" is used instead.
WARNING: The parameter "NewSamplesEveryIteration", requested at entry number 3, does not exist at all.
  The default value "false" is used instead.
Setting the fixed masks took: 0 ms.
Setting the moving masks took: 0 ms.
Total number of iterations needed in this resolution: 301.
Elastix initialization of all components (for this resolution) took: 0 ms.
Initialization of AdvancedNormalizedCorrelation metric took: 1 ms.
1:ItNr	2:Metric	FS0:test:0	Time[ms]
0	-0.427799	-1.500000	2.4
1	-0.422331	-1.490000	0.6
2	-0.417406	-1.480000	0.6
3	-0.413805	-1.470000	0.6
4	-0.411211	-1.460000	0.6
5	-0.407348	-1.450000	0.6
6	-0.403503	-1.440000	0.6
7	-0.401119	-1.430000	0.6
8	-0.399598	-1.420000	1.0
9	-0.397912	-1.410000	1.0
10	-0.396187	-1.400000	0.7
11	-0.395909	-1.390000	0.6
12	-0.398009	-1.380000	0.6
13	-0.400176	-1.370000	0.7
14	-0.399532	-1.360000	0.6
15	-0.400655	-1.350000	0.6
16	-0.401487	-1.340000	0.6
17	-0.401002	-1.330000	0.6
18	-0.401560	-1.320000	0.5
19	-0.401477	-1.310000	0.5
20	-0.403381	-1.300000	0.5
21	-0.403744	-1.290000	0.5
22	-0.406439	-1.280000	0.5
23	-0.407836	-1.270000	0.5
24	-0.409073	-1.260000	0.6
25	-0.411899	-1.250000	0.6
26	-0.412181	-1.240000	0.7
27	-0.413589	-1.230000	0.6
28	-0.414972	-1.220000	0.6
29	-0.416734	-1.210000	0.5
30	-0.417159	-1.200000	0.5
31	-0.417407	-1.190000	0.6
32	-0.415740	-1.180000	0.6
33	-0.413069	-1.170000	0.6
34	-0.411160	-1.160000	0.6
35	-0.406792	-1.150000	0.6
36	-0.402445	-1.140000	0.5
37	-0.396610	-1.130000	0.5
38	-0.391787	-1.120000	0.5
39	-0.388303	-1.110000	0.5
40	-0.384618	-1.100000	0.5
41	-0.383663	-1.090000	0.5
42	-0.381375	-1.080000	0.5
43	-0.379308	-1.070000	0.5
44	-0.377372	-1.060000	0.5
45	-0.374659	-1.050000	0.5
46	-0.370910	-1.040000	0.5
47	-0.369031	-1.030000	0.5
48	-0.366662	-1.020000	0.5
49	-0.366803	-1.010000	0.5
50	-0.368139	-1.000000	0.5
51	-0.372582	-0.990000	0.5
52	-0.373108	-0.980000	0.5
53	-0.372518	-0.970000	0.5
54	-0.372482	-0.960000	0.5
55	-0.373620	-0.950000	0.5
56	-0.373826	-0.940000	0.5
57	-0.373309	-0.930000	0.5
58	-0.375077	-0.920000	0.5
59	-0.374831	-0.910000	0.5
60	-0.375718	-0.900000	0.7
61	-0.377729	-0.890000	0.5
62	-0.381537	-0.880000	0.6
63	-0.385127	-0.870000	0.6
64	-0.390170	-0.860000	0.6
65	-0.393786	-0.850000	0.6
66	-0.398328	-0.840000	0.5
67	-0.403795	-0.830000	0.5
68	-0.411683	-0.820000	0.5
69	-0.417799	-0.810000	0.5
70	-0.423250	-0.800000	0.5
71	-0.428790	-0.790000	0.5
72	-0.431830	-0.780000	0.5
73	-0.433998	-0.770000	0.5
74	-0.435073	-0.760000	0.5
75	-0.434296	-0.750000	0.5
76	-0.435620	-0.740000	0.5
77	-0.435172	-0.730000	0.5
78	-0.437796	-0.720000	0.5
79	-0.440667	-0.710000	0.5
80	-0.443388	-0.700000	0.5
81	-0.446393	-0.690000	0.5
82	-0.448964	-0.680000	0.6
83	-0.452920	-0.670000	0.5
84	-0.457434	-0.660000	0.6
85	-0.462272	-0.650000	0.5
86	-0.467122	-0.640000	0.5
87	-0.471648	-0.630000	0.5
88	-0.476432	-0.620000	0.5
89	-0.479625	-0.610000	0.5
90	-0.482615	-0.600000	0.6
91	-0.485498	-0.590000	0.7
92	-0.488511	-0.580000	0.9
93	-0.490597	-0.570000	0.6
94	-0.493297	-0.560000	0.5
95	-0.498168	-0.550000	0.5
96	-0.501150	-0.540000	0.5
97	-0.502298	-0.530000	0.5
98	-0.504987	-0.520000	0.5
99	-0.508871	-0.510000	0.5
100	-0.512859	-0.500000	0.5
101	-0.517347	-0.490000	0.6
102	-0.520822	-0.480000	0.5
103	-0.523607	-0.470000	0.5
104	-0.526286	-0.460000	0.5
105	-0.527240	-0.450000	0.6
106	-0.527722	-0.440000	0.6
107	-0.528783	-0.430000	0.5
108	-0.530186	-0.420000	0.6
109	-0.534405	-0.410000	0.5
110	-0.538297	-0.400000	0.5
111	-0.543474	-0.390000	0.5
112	-0.547616	-0.380000	0.6
113	-0.551027	-0.370000	0.5
114	-0.556840	-0.360000	0.6
115	-0.563829	-0.350000	0.5
116	-0.571409	-0.340000	0.5
117	-0.579370	-0.330000	0.7
118	-0.586094	-0.320000	1.1
119	-0.595778	-0.310000	0.6
120	-0.601323	-0.300000	0.6
121	-0.607251	-0.290000	0.5
122	-0.613420	-0.280000	0.6
123	-0.618237	-0.270000	0.6
124	-0.621691	-0.260000	0.6
125	-0.625221	-0.250000	0.6
126	-0.630928	-0.240000	0.6
127	-0.635838	-0.230000	0.5
128	-0.641972	-0.220000	0.6
129	-0.647950	-0.210000	0.6
130	-0.652289	-0.200000	0.5
131	-0.657058	-0.190000	0.5
132	-0.660211	-0.180000	0.5
133	-0.664811	-0.170000	0.5
134	-0.671192	-0.160000	0.5
135	-0.677577	-0.150000	0.6
136	-0.683150	-0.140000	0.6
137	-0.690259	-0.130000	0.6
138	-0.697614	-0.120000	0.6
139	-0.706423	-0.110000	0.6
140	-0.715720	-0.100000	0.6
141	-0.723464	-0.090000	0.7
142	-0.731038	-0.080000	0.6
143	-0.738295	-0.070000	0.9
144	-0.745601	-0.060000	0.8
145	-0.751274	-0.050000	0.7
146	-0.756310	-0.040000	0.7
147	-0.760734	-0.030000	0.6
148	-0.764455	-0.020000	0.6
149	-0.767778	-0.010000	0.6
150	-0.768580	0.000000	0.6
151	-0.772331	0.010000	0.6
152	-0.772142	0.020000	0.6
153	-0.770072	0.030000	0.6
154	-0.769340	0.040000	0.6
155	-0.767032	0.050000	0.6
156	-0.763665	0.060000	0.6
157	-0.758657	0.070000	0.6
158	-0.751627	0.080000	0.6
159	-0.741634	0.090000	0.6
160	-0.732851	0.100000	0.6
161	-0.724965	0.110000	0.6
162	-0.717609	0.120000	0.6
163	-0.709198	0.130000	0.6
164	-0.701851	0.140000	0.6
165	-0.691181	0.150000	0.6
166	-0.680257	0.160000	0.6
167	-0.669890	0.170000	0.6
168	-0.661823	0.180000	0.8
169	-0.652096	0.190000	0.6
170	-0.643243	0.200000	0.6
171	-0.633551	0.210000	0.5
172	-0.623618	0.220000	0.5
173	-0.610959	0.230000	0.5
174	-0.599792	0.240000	0.5
175	-0.589123	0.250000	0.5
176	-0.580374	0.260000	0.6
177	-0.573420	0.270000	0.5
178	-0.567092	0.280000	0.5
179	-0.562609	0.290000	0.5
180	-0.558354	0.300000	0.5
181	-0.555944	0.310000	0.6
182	-0.554690	0.320000	0.6
183	-0.551732	0.330000	0.5
184	-0.548493	0.340000	0.5
185	-0.547041	0.350000	0.5
186	-0.542613	0.360000	0.5
187	-0.538216	0.370000	0.5
188	-0.534929	0.380000	0.6
189	-0.530829	0.390000	0.6
190	-0.525195	0.400000	0.5
191	-0.519902	0.410000	0.5
192	-0.512575	0.420000	0.5
193	-0.507097	0.430000	0.6
194	-0.499749	0.440000	0.6
195	-0.492733	0.450000	0.5
196	-0.487754	0.460000	0.6
197	-0.483925	0.470000	0.6
198	-0.482457	0.480000	0.6
199	-0.482516	0.490000	0.6
200	-0.481799	0.500000	0.6
201	-0.481881	0.510000	0.6
202	-0.481392	0.520000	0.5
203	-0.479553	0.530000	0.6
204	-0.477658	0.540000	0.5
205	-0.474482	0.550000	0.5
206	-0.473143	0.560000	0.5
207	-0.471744	0.570000	0.5
208	-0.469977	0.580000	0.6
209	-0.465988	0.590000	0.5
210	-0.464517	0.600000	0.6
211	-0.461852	0.610000	0.6
212	-0.459011	0.620000	0.5
213	-0.456943	0.630000	0.5
214	-0.455054	0.640000	0.5
215	-0.453198	0.650000	0.5
216	-0.449338	0.660000	0.5
217	-0.447103	0.670000	0.5
218	-0.445555	0.680000	0.5
219	-0.444390	0.690000	0.5
220	-0.442305	0.700000	0.5
221	-0.439601	0.710000	0.5
222	-0.436482	0.720000	0.6
223	-0.435196	0.730000	0.5
224	-0.434071	0.740000	0.5
225	-0.434137	0.750000	0.6
226	-0.433959	0.760000	0.6
227	-0.431649	0.770000	0.5
228	-0.430535	0.780000	0.5
229	-0.428529	0.790000	0.5
230	-0.426894	0.800000	0.5
231	-0.426621	0.810000	0.5
232	-0.425966	0.820000	0.6
233	-0.428422	0.830000	0.6
234	-0.429471	0.840000	0.6
235	-0.431434	0.850000	0.5
236	-0.432813	0.860000	0.5
237	-0.433010	0.870000	0.5
238	-0.431003	0.880000	0.5
239	-0.428911	0.890000	0.6
240	-0.427133	0.900000	0.6
241	-0.424445	0.910000	0.6
242	-0.420006	0.920000	0.6
243	-0.416905	0.930000	0.6
244	-0.411718	0.940000	0.6
245	-0.407827	0.950000	0.5
246	-0.404651	0.960000	0.6
247	-0.403418	0.970000	0.6
248	-0.401967	0.980000	0.5
249	-0.400655	0.990000	0.5
250	-0.400093	1.000000	0.5
251	-0.400467	1.010000	0.5
252	-0.401198	1.020000	0.5
253	-0.400476	1.030000	0.6
254	-0.400610	1.040000	0.6
255	-0.399598	1.050000	0.6
256	-0.401433	1.060000	0.6
257	-0.401889	1.070000	0.6
258	-0.404167	1.080000	0.5
259	-0.407418	1.090000	0.6
260	-0.410623	1.100000	0.6
261	-0.413889	1.110000	0.6
262	-0.413641	1.120000	0.5
263	-0.411751	1.130000	0.6
264	-0.411560	1.140000	0.6
265	-0.407336	1.150000	0.6
266	-0.405416	1.160000	0.6
267	-0.403500	1.170000	0.6
268	-0.402374	1.180000	0.6
269	-0.402160	1.190000	0.6
270	-0.401425	1.200000	0.5
271	-0.402217	1.210000	0.6
272	-0.404523	1.220000	0.6
273	-0.406157	1.230000	0.6
274	-0.408810	1.240000	0.6
275	-0.411374	1.250000	0.6
276	-0.412781	1.260000	0.6
277	-0.414695	1.270000	0.6
278	-0.416667	1.280000	0.6
279	-0.419598	1.290000	0.6
280	-0.422663	1.300000	0.6
281	-0.424063	1.310000	0.6
282	-0.426033	1.320000	0.6
283	-0.427795	1.330000	0.6
284	-0.428686	1.340000	0.6
285	-0.429522	1.350000	0.6
286	-0.432541	1.360000	0.6
287	-0.432295	1.370000	0.6
288	-0.432489	1.380000	0.6
289	-0.431701	1.390000	0.6
290	-0.430570	1.400000	0.6
291	-0.430334	1.410000	0.6
292	-0.430858	1.420000	0.6
293	-0.432125	1.430000	0.6
294	-0.432911	1.440000	0.6
295	-0.432404	1.450000	0.6
296	-0.430217	1.460000	0.6
297	-0.429937	1.470000	0.6
298	-0.428694	1.480000	0.6
299	-0.427843	1.490000	0.6
300	-0.427979	1.500000	0.6
Time spent in resolution 3 (ITK initialization and iterating): 0.187 s.
Stopping condition: The full range has been searched.

Best metric value in this resolution = -0.772331
Index of the point in the optimization surface image that has the best metric value: [ 151 ]
The corresponding parameter values: [ 0.010000 ]


Resolution: 4
WARNING: The parameter "NewSamplesEveryIteration", requested at entry number 4, does not exist at all.
  The default value "false" is used instead.
WARNING: The parameter "UseMultiThreadingForMetrics", requested at entry number 4, does not exist at all.
  The default value "true" is used instead.
WARNING: The parameter "NewSamplesEveryIteration", requested at entry number 4, does not exist at all.
  The default value "false" is used instead.
Setting the fixed masks took: 0 ms.
Setting the moving masks took: 0 ms.
Total number of iterations needed in this resolution: 301.
Elastix initialization of all components (for this resolution) took: 0 ms.
Initialization of AdvancedNormalizedCorrelation metric took: 1 ms.
1:ItNr	2:Metric	FS0:test:0	Time[ms]
0	-0.403775	-1.500000	1.9
1	-0.403197	-1.490000	1.2
2	-0.405290	-1.480000	0.8
3	-0.406343	-1.470000	0.7
4	-0.409081	-1.460000	0.6
5	-0.408884	-1.450000	0.6
6	-0.410428	-1.440000	0.6
7	-0.410782	-1.430000	0.6
8	-0.409859	-1.420000	0.6
9	-0.407959	-1.410000	0.6
10	-0.404293	-1.400000	0.6
11	-0.402777	-1.390000	0.5
12	-0.398157	-1.380000	0.5
13	-0.393416	-1.370000	0.5
14	-0.389529	-1.360000	0.5
15	-0.381032	-1.350000	0.5
16	-0.373631	-1.340000	0.5
17	-0.367028	-1.330000	0.5
18	-0.359995	-1.320000	0.5
19	-0.351305	-1.310000	0.5
20	-0.345420	-1.300000	0.6
21	-0.340214	-1.290000	1.0
22	-0.337078	-1.280000	1.0
23	-0.334526	-1.270000	0.6
24	-0.336319	-1.260000	0.6
25	-0.338078	-1.250000	0.5
26	-0.339643	-1.240000	0.6
27	-0.338618	-1.230000	0.6
28	-0.338654	-1.220000	0.6
29	-0.336065	-1.210000	0.5
30	-0.332864	-1.200000	0.5
31	-0.329444	-1.190000	0.5
32	-0.327661	-1.180000	0.5
33	-0.325403	-1.170000	0.5
34	-0.322390	-1.160000	0.5
35	-0.318713	-1.150000	0.5
36	-0.319032	-1.140000	0.5
37	-0.320625	-1.130000	0.5
38	-0.323725	-1.120000	0.5
39	-0.325836	-1.110000	0.5
40	-0.327347	-1.100000	0.5
41	-0.326666	-1.090000	0.5
42	-0.325489	-1.080000	0.5
43	-0.324612	-1.070000	0.5
44	-0.320366	-1.060000	0.5
45	-0.318742	-1.050000	0.5
46	-0.320680	-1.040000	0.5
47	-0.324637	-1.030000	0.5
48	-0.328039	-1.020000	0.5
49	-0.329284	-1.010000	0.5
50	-0.331652	-1.000000	0.5
51	-0.330632	-0.990000	0.5
52	-0.330690	-0.980000	0.5
53	-0.329729	-0.970000	0.5
54	-0.327799	-0.960000	0.5
55	-0.327769	-0.950000	0.6
56	-0.328583	-0.940000	0.7
57	-0.330022	-0.930000	0.5
58	-0.325937	-0.920000	0.5
59	-0.324960	-0.910000	0.5
60	-0.326521	-0.900000	0.5
61	-0.329055	-0.890000	0.5
62	-0.333335	-0.880000	0.5
63	-0.338633	-0.870000	0.5
64	-0.341520	-0.860000	0.5
65	-0.344593	-0.850000	0.5
66	-0.345600	-0.840000	0.6
67	-0.343273	-0.830000	0.6
68	-0.338193	-0.820000	0.5
69	-0.337902	-0.810000	0.5
70	-0.338068	-0.800000	0.5
71	-0.337687	-0.790000	0.5
72	-0.337793	-0.780000	0.5
73	-0.340720	-0.770000	0.5
74	-0.345603	-0.760000	0.5
75	-0.351314	-0.750000	0.5
76	-0.360265	-0.740000	0.5
77	-0.370242	-0.730000	0.5
78	-0.377705	-0.720000	0.5
79	-0.387203	-0.710000	0.5
80	-0.395623	-0.700000	0.5
81	-0.402741	-0.690000	0.5
82	-0.411714	-0.680000	0.5
83	-0.418439	-0.670000	0.6
84	-0.425828	-0.660000	0.6
85	-0.432025	-0.650000	0.8
86	-0.435024	-0.640000	0.6
87	-0.435370	-0.630000	0.6
88	-0.437202	-0.620000	0.6
89	-0.439056	-0.610000	0.5
90	-0.440424	-0.600000	0.5
91	-0.443308	-0.590000	0.6
92	-0.445651	-0.580000	0.6
93	-0.446758	-0.570000	0.5
94	-0.448431	-0.560000	0.6
95	-0.451276	-0.550000	0.5
96	-0.456514	-0.540000	0.5
97	-0.461960	-0.530000	0.5
98	-0.465352	-0.520000	0.5
99	-0.466983	-0.510000	0.6
100	-0.464059	-0.500000	0.6
101	-0.463145	-0.490000	0.5
102	-0.465594	-0.480000	0.6
103	-0.469794	-0.470000	0.6
104	-0.474352	-0.460000	0.6
105	-0.475542	-0.450000	0.6
106	-0.478561	-0.440000	0.6
107	-0.477433	-0.430000	0.6
108	-0.479819	-0.420000	0.6
109	-0.483298	-0.410000	0.6
110	-0.490956	-0.400000	0.5
111	-0.499485	-0.390000	0.6
112	-0.506149	-0.380000	0.6
113	-0.510964	-0.370000	0.6
114	-0.516157	-0.360000	0.8
115	-0.522691	-0.350000	0.6
116	-0.531684	-0.340000	0.6
117	-0.541718	-0.330000	0.6
118	-0.551350	-0.320000	0.6
119	-0.558569	-0.310000	0.6
120	-0.565811	-0.300000	0.6
121	-0.573338	-0.290000	0.6
122	-0.577950	-0.280000	0.6
123	-0.583585	-0.270000	0.6
124	-0.587345	-0.260000	0.6
125	-0.593655	-0.250000	0.6
126	-0.597559	-0.240000	0.6
127	-0.601779	-0.230000	0.6
128	-0.607951	-0.220000	0.6
129	-0.615862	-0.210000	0.6
130	-0.623727	-0.200000	0.6
131	-0.631671	-0.190000	0.6
132	-0.639209	-0.180000	0.6
133	-0.647503	-0.170000	0.6
134	-0.654803	-0.160000	0.6
135	-0.661586	-0.150000	0.6
136	-0.668623	-0.140000	0.6
137	-0.673950	-0.130000	0.6
138	-0.678832	-0.120000	0.6
139	-0.683188	-0.110000	0.6
140	-0.685175	-0.100000	0.6
141	-0.689232	-0.090000	0.6
142	-0.694600	-0.080000	0.9
143	-0.700904	-0.070000	0.7
144	-0.707361	-0.060000	0.6
145	-0.713017	-0.050000	0.6
146	-0.716481	-0.040000	0.6
147	-0.721806	-0.030000	0.6
148	-0.724238	-0.020000	0.6
149	-0.724839	-0.010000	0.6
150	-0.722326	0.000000	0.6
151	-0.724862	0.010000	0.7
152	-0.723014	0.020000	0.6
153	-0.719539	0.030000	0.6
154	-0.714651	0.040000	0.6
155	-0.710842	0.050000	0.6
156	-0.707477	0.060000	0.6
157	-0.702689	0.070000	0.7
158	-0.695301	0.080000	0.6
159	-0.690599	0.090000	0.6
160	-0.685324	0.100000	0.6
161	-0.678812	0.110000	0.6
162	-0.670207	0.120000	0.6
163	-0.661101	0.130000	0.6
164	-0.652951	0.140000	0.7
165	-0.644662	0.150000	0.7
166	-0.634934	0.160000	0.7
167	-0.624146	0.170000	0.8
168	-0.614954	0.180000	0.7
169	-0.609721	0.190000	0.6
170	-0.605245	0.200000	0.6
171	-0.600057	0.210000	0.6
172	-0.595494	0.220000	0.6
173	-0.592275	0.230000	0.6
174	-0.588738	0.240000	0.6
175	-0.582054	0.250000	0.6
176	-0.575719	0.260000	0.6
177	-0.568628	0.270000	0.6
178	-0.563032	0.280000	0.6
179	-0.554849	0.290000	0.6
180	-0.547040	0.300000	0.6
181	-0.537595	0.310000	0.6
182	-0.528748	0.320000	0.6
183	-0.520509	0.330000	0.6
184	-0.516263	0.340000	0.6
185	-0.511528	0.350000	0.6
186	-0.509204	0.360000	0.6
187	-0.509950	0.370000	0.6
188	-0.510665	0.380000	0.7
189	-0.510854	0.390000	0.6
190	-0.509234	0.400000	0.8
191	-0.505479	0.410000	0.7
192	-0.503606	0.420000	0.6
193	-0.500294	0.430000	0.6
194	-0.499502	0.440000	0.5
195	-0.498530	0.450000	0.5
196	-0.495233	0.460000	0.5
197	-0.489049	0.470000	0.6
198	-0.487435	0.480000	0.6
199	-0.487144	0.490000	0.6
200	-0.482817	0.500000	0.6
201	-0.474416	0.510000	0.5
202	-0.466439	0.520000	0.6
203	-0.460377	0.530000	0.6
204	-0.455499	0.540000	0.5
205	-0.447985	0.550000	0.5
206	-0.441534	0.560000	0.5
207	-0.435201	0.570000	0.5
208	-0.433334	0.580000	0.5
209	-0.430586	0.590000	0.5
210	-0.429053	0.600000	0.5
211	-0.427036	0.610000	0.5
212	-0.426902	0.620000	0.6
213	-0.424443	0.630000	0.6
214	-0.423580	0.640000	0.6
215	-0.424403	0.650000	0.7
216	-0.424083	0.660000	0.6
217	-0.423301	0.670000	0.7
218	-0.419055	0.680000	0.6
219	-0.417733	0.690000	0.6
220	-0.417982	0.700000	0.5
221	-0.420326	0.710000	0.5
222	-0.421689	0.720000	0.5
223	-0.419783	0.730000	0.5
224	-0.417113	0.740000	0.6
225	-0.413391	0.750000	0.6
226	-0.411613	0.760000	0.5
227	-0.410871	0.770000	0.5
228	-0.410433	0.780000	0.5
229	-0.411431	0.790000	0.5
230	-0.413902	0.800000	0.5
231	-0.416923	0.810000	0.5
232	-0.416391	0.820000	0.6
233	-0.415737	0.830000	0.6
234	-0.417472	0.840000	0.6
235	-0.416566	0.850000	0.6
236	-0.415924	0.860000	0.5
237	-0.414906	0.870000	0.5
238	-0.413752	0.880000	0.5
239	-0.410781	0.890000	0.5
240	-0.407607	0.900000	0.5
241	-0.403599	0.910000	0.5
242	-0.401675	0.920000	0.5
243	-0.396804	0.930000	0.6
244	-0.392743	0.940000	0.6
245	-0.389072	0.950000	0.7
246	-0.386248	0.960000	0.6
247	-0.386577	0.970000	0.6
248	-0.387731	0.980000	0.6
249	-0.389517	0.990000	0.6
250	-0.394092	1.000000	0.6
251	-0.396877	1.010000	0.5
252	-0.397440	1.020000	0.5
253	-0.400302	1.030000	0.5
254	-0.399693	1.040000	0.6
255	-0.400351	1.050000	0.6
256	-0.400633	1.060000	0.5
257	-0.400439	1.070000	0.6
258	-0.398467	1.080000	0.6
259	-0.398754	1.090000	0.5
260	-0.399662	1.100000	0.6
261	-0.397913	1.110000	0.6
262	-0.395250	1.120000	0.5
263	-0.392459	1.130000	0.6
264	-0.389646	1.140000	0.6
265	-0.389324	1.150000	0.6
266	-0.391967	1.160000	0.6
267	-0.396912	1.170000	0.6
268	-0.404725	1.180000	0.6
269	-0.410959	1.190000	0.6
270	-0.414779	1.200000	0.6
271	-0.416356	1.210000	0.6
272	-0.417330	1.220000	0.7
273	-0.415508	1.230000	0.7
274	-0.411897	1.240000	0.6
275	-0.409262	1.250000	0.6
276	-0.406758	1.260000	0.6
277	-0.406129	1.270000	0.6
278	-0.408160	1.280000	0.6
279	-0.407653	1.290000	0.6
280	-0.406288	1.300000	0.6
281	-0.405772	1.310000	0.6
282	-0.405817	1.320000	0.6
283	-0.403933	1.330000	0.6
284	-0.402943	1.340000	0.6
285	-0.401208	1.350000	0.6
286	-0.403328	1.360000	0.6
287	-0.404636	1.370000	0.6
288	-0.407565	1.380000	0.6
289	-0.407146	1.390000	0.6
290	-0.412554	1.400000	0.6
291	-0.415536	1.410000	0.6
292	-0.419485	1.420000	0.6
293	-0.423271	1.430000	0.6
294	-0.424172	1.440000	0.6
295	-0.425659	1.450000	0.6
296	-0.426329	1.460000	0.6
297	-0.426081	1.470000	0.6
298	-0.427746	1.480000	0.7
299	-0.426839	1.490000	0.7
300	-0.424742	1.500000	0.7
Time spent in resolution 4 (ITK initialization and iterating): 0.188 s.
Stopping condition: The full range has been searched.

Best metric value in this resolution = -0.724862
Index of the point in the optimization surface image that has the best metric value: [ 151 ]
The corresponding parameter values: [ 0.010000 ]



=============== start of TransformParameterFile ===============
(Transform "EulerTransform")
(NumberOfParameters 3)
(TransformParameters 0.010000 0.000000 0.000000)
(InitialTransformParametersFileName "NoInitialTransform")
(UseBinaryFormatForTransformationParameters "false")
(HowToCombineTransforms "Compose")

// Image specific
(FixedImageDimension 2)
(MovingImageDimension 2)
(FixedInternalImagePixelType "float")
(MovingInternalImagePixelType "float")
(Size 256 256)
(Index 0 0)
(Spacing 1.0000000000 1.0000000000)
(Origin 0.0000000000 0.0000000000)
(Direction 1.0000000000 0.0000000000 0.0000000000 1.0000000000)
(UseDirectionCosines "true")

// EulerTransform specific
(CenterOfRotationPoint 128.0000000000 128.0000000000)

// ResampleInterpolator specific
(ResampleInterpolator "FinalBSplineInterpolator")
(FinalBSplineInterpolationOrder 3)

// Resampler specific
(Resampler "DefaultResampler")
(DefaultPixelValue 0.000000)
(ResultImageFormat "tiff")
(ResultImagePixelType "unsigned char")
(CompressResultImage "false")

=============== end of TransformParameterFile ===============

Creating the TransformParameterFile took 0.00s

Registration result checksum: 2471960962

Applying final transform ...
  Applying final transform took 0.01s

Final metric value  = -0.724862
Time spent on saving the results, applying the final transform etc.: 8 ms.
Running elastix with parameter file 0: "ImagesforPractical/MR\parameters_samplespace2_MR.txt", has finished.


Current time: Sun Feb 16 13:41:21 2025.
Time used for running elastix with this parameter file:
  1.0s.

-------------------------------------------------------------------------

Total time elapsed: 1.1s.

